mode: set
github.com/ob-vss-ss19/blatt-4-kaiserin_king/services/user/main.go:17.116,24.2 5 1
github.com/ob-vss-ss19/blatt-4-kaiserin_king/services/user/main.go:26.116,28.35 1 1
github.com/ob-vss-ss19/blatt-4-kaiserin_king/services/user/main.go:38.2,39.12 2 1
github.com/ob-vss-ss19/blatt-4-kaiserin_king/services/user/main.go:28.35,30.29 1 1
github.com/ob-vss-ss19/blatt-4-kaiserin_king/services/user/main.go:30.29,31.22 1 1
github.com/ob-vss-ss19/blatt-4-kaiserin_king/services/user/main.go:31.22,35.5 3 1
github.com/ob-vss-ss19/blatt-4-kaiserin_king/services/user/main.go:42.128,43.50 1 0
github.com/ob-vss-ss19/blatt-4-kaiserin_king/services/user/main.go:46.2,46.12 1 0
github.com/ob-vss-ss19/blatt-4-kaiserin_king/services/user/main.go:43.50,45.3 1 0
github.com/ob-vss-ss19/blatt-4-kaiserin_king/services/user/main.go:49.134,50.28 1 0
github.com/ob-vss-ss19/blatt-4-kaiserin_king/services/user/main.go:55.2,55.12 1 0
github.com/ob-vss-ss19/blatt-4-kaiserin_king/services/user/main.go:50.28,51.25 1 0
github.com/ob-vss-ss19/blatt-4-kaiserin_king/services/user/main.go:51.25,53.4 1 0
github.com/ob-vss-ss19/blatt-4-kaiserin_king/services/user/main.go:58.128,59.28 1 0
github.com/ob-vss-ss19/blatt-4-kaiserin_king/services/user/main.go:66.2,66.12 1 0
github.com/ob-vss-ss19/blatt-4-kaiserin_king/services/user/main.go:59.28,60.25 1 0
github.com/ob-vss-ss19/blatt-4-kaiserin_king/services/user/main.go:60.25,64.4 3 0
github.com/ob-vss-ss19/blatt-4-kaiserin_king/services/user/main.go:69.119,72.2 2 1
github.com/ob-vss-ss19/blatt-4-kaiserin_king/services/user/main.go:74.76,75.28 1 0
github.com/ob-vss-ss19/blatt-4-kaiserin_king/services/user/main.go:85.2,85.14 1 0
github.com/ob-vss-ss19/blatt-4-kaiserin_king/services/user/main.go:75.28,76.21 1 0
github.com/ob-vss-ss19/blatt-4-kaiserin_king/services/user/main.go:76.21,77.37 1 0
github.com/ob-vss-ss19/blatt-4-kaiserin_king/services/user/main.go:77.37,78.23 1 0
github.com/ob-vss-ss19/blatt-4-kaiserin_king/services/user/main.go:78.23,81.6 2 0
github.com/ob-vss-ss19/blatt-4-kaiserin_king/services/user/main.go:88.71,89.28 1 0
github.com/ob-vss-ss19/blatt-4-kaiserin_king/services/user/main.go:99.2,99.14 1 0
github.com/ob-vss-ss19/blatt-4-kaiserin_king/services/user/main.go:89.28,90.21 1 0
github.com/ob-vss-ss19/blatt-4-kaiserin_king/services/user/main.go:90.21,91.33 1 0
github.com/ob-vss-ss19/blatt-4-kaiserin_king/services/user/main.go:91.33,92.23 1 0
github.com/ob-vss-ss19/blatt-4-kaiserin_king/services/user/main.go:92.23,95.6 2 0
github.com/ob-vss-ss19/blatt-4-kaiserin_king/services/user/main.go:102.59,104.28 1 1
github.com/ob-vss-ss19/blatt-4-kaiserin_king/services/user/main.go:116.2,116.13 1 1
github.com/ob-vss-ss19/blatt-4-kaiserin_king/services/user/main.go:104.28,105.21 1 1
github.com/ob-vss-ss19/blatt-4-kaiserin_king/services/user/main.go:110.3,110.21 1 1
github.com/ob-vss-ss19/blatt-4-kaiserin_king/services/user/main.go:105.21,106.28 1 1
github.com/ob-vss-ss19/blatt-4-kaiserin_king/services/user/main.go:106.28,108.5 1 0
github.com/ob-vss-ss19/blatt-4-kaiserin_king/services/user/main.go:110.21,111.32 1 1
github.com/ob-vss-ss19/blatt-4-kaiserin_king/services/user/main.go:111.32,113.5 1 0
github.com/ob-vss-ss19/blatt-4-kaiserin_king/services/user/main.go:119.13,128.14 5 0
github.com/ob-vss-ss19/blatt-4-kaiserin_king/services/user/main.go:128.14,130.3 1 0
github.com/ob-vss-ss19/blatt-4-kaiserin_king/services/user/main.go:133.37,148.2 6 0
