mode: set
github.com/ob-vss-ss19/blatt-4-kaiserin_king/services/user/main.go:17.116,24.2 5 1
github.com/ob-vss-ss19/blatt-4-kaiserin_king/services/user/main.go:26.116,28.35 1 1
github.com/ob-vss-ss19/blatt-4-kaiserin_king/services/user/main.go:38.2,39.12 2 1
github.com/ob-vss-ss19/blatt-4-kaiserin_king/services/user/main.go:28.35,30.29 1 1
github.com/ob-vss-ss19/blatt-4-kaiserin_king/services/user/main.go:30.29,31.22 1 1
github.com/ob-vss-ss19/blatt-4-kaiserin_king/services/user/main.go:31.22,35.5 3 1
github.com/ob-vss-ss19/blatt-4-kaiserin_king/services/user/main.go:42.128,43.50 1 1
github.com/ob-vss-ss19/blatt-4-kaiserin_king/services/user/main.go:46.2,46.12 1 1
github.com/ob-vss-ss19/blatt-4-kaiserin_king/services/user/main.go:43.50,45.3 1 1
github.com/ob-vss-ss19/blatt-4-kaiserin_king/services/user/main.go:49.134,50.28 1 1
github.com/ob-vss-ss19/blatt-4-kaiserin_king/services/user/main.go:55.2,55.12 1 1
github.com/ob-vss-ss19/blatt-4-kaiserin_king/services/user/main.go:50.28,51.25 1 1
github.com/ob-vss-ss19/blatt-4-kaiserin_king/services/user/main.go:51.25,53.4 1 1
github.com/ob-vss-ss19/blatt-4-kaiserin_king/services/user/main.go:58.128,59.28 1 1
github.com/ob-vss-ss19/blatt-4-kaiserin_king/services/user/main.go:66.2,66.12 1 1
github.com/ob-vss-ss19/blatt-4-kaiserin_king/services/user/main.go:59.28,60.25 1 1
github.com/ob-vss-ss19/blatt-4-kaiserin_king/services/user/main.go:60.25,64.4 3 1
github.com/ob-vss-ss19/blatt-4-kaiserin_king/services/user/main.go:69.119,72.2 2 1
github.com/ob-vss-ss19/blatt-4-kaiserin_king/services/user/main.go:74.101,75.28 1 1
github.com/ob-vss-ss19/blatt-4-kaiserin_king/services/user/main.go:81.2,82.12 2 1
github.com/ob-vss-ss19/blatt-4-kaiserin_king/services/user/main.go:75.28,76.21 1 1
github.com/ob-vss-ss19/blatt-4-kaiserin_king/services/user/main.go:76.21,79.4 2 1
github.com/ob-vss-ss19/blatt-4-kaiserin_king/services/user/main.go:85.76,86.28 1 1
github.com/ob-vss-ss19/blatt-4-kaiserin_king/services/user/main.go:96.2,96.14 1 0
github.com/ob-vss-ss19/blatt-4-kaiserin_king/services/user/main.go:86.28,87.21 1 1
github.com/ob-vss-ss19/blatt-4-kaiserin_king/services/user/main.go:87.21,88.37 1 1
github.com/ob-vss-ss19/blatt-4-kaiserin_king/services/user/main.go:88.37,89.23 1 1
github.com/ob-vss-ss19/blatt-4-kaiserin_king/services/user/main.go:89.23,92.6 2 1
github.com/ob-vss-ss19/blatt-4-kaiserin_king/services/user/main.go:99.71,100.28 1 1
github.com/ob-vss-ss19/blatt-4-kaiserin_king/services/user/main.go:110.2,110.14 1 1
github.com/ob-vss-ss19/blatt-4-kaiserin_king/services/user/main.go:100.28,101.21 1 1
github.com/ob-vss-ss19/blatt-4-kaiserin_king/services/user/main.go:101.21,102.33 1 1
github.com/ob-vss-ss19/blatt-4-kaiserin_king/services/user/main.go:102.33,103.23 1 1
github.com/ob-vss-ss19/blatt-4-kaiserin_king/services/user/main.go:103.23,106.6 2 1
github.com/ob-vss-ss19/blatt-4-kaiserin_king/services/user/main.go:113.59,115.28 1 1
github.com/ob-vss-ss19/blatt-4-kaiserin_king/services/user/main.go:127.2,127.13 1 1
github.com/ob-vss-ss19/blatt-4-kaiserin_king/services/user/main.go:115.28,116.21 1 1
github.com/ob-vss-ss19/blatt-4-kaiserin_king/services/user/main.go:121.3,121.21 1 1
github.com/ob-vss-ss19/blatt-4-kaiserin_king/services/user/main.go:116.21,117.28 1 1
github.com/ob-vss-ss19/blatt-4-kaiserin_king/services/user/main.go:117.28,119.5 1 1
github.com/ob-vss-ss19/blatt-4-kaiserin_king/services/user/main.go:121.21,122.32 1 1
github.com/ob-vss-ss19/blatt-4-kaiserin_king/services/user/main.go:122.32,124.5 1 0
github.com/ob-vss-ss19/blatt-4-kaiserin_king/services/user/main.go:130.13,139.14 5 0
github.com/ob-vss-ss19/blatt-4-kaiserin_king/services/user/main.go:139.14,141.3 1 0
github.com/ob-vss-ss19/blatt-4-kaiserin_king/services/user/main.go:144.37,159.2 6 1
