mode: set
github.com/ob-vss-ss19/blatt-4-kaiserin_king/services/show/main.go:21.117,25.62 3 1
github.com/ob-vss-ss19/blatt-4-kaiserin_king/services/show/main.go:39.2,40.12 2 1
github.com/ob-vss-ss19/blatt-4-kaiserin_king/services/show/main.go:25.62,30.17 4 1
github.com/ob-vss-ss19/blatt-4-kaiserin_king/services/show/main.go:34.3,37.13 3 1
github.com/ob-vss-ss19/blatt-4-kaiserin_king/services/show/main.go:30.17,32.4 1 0
github.com/ob-vss-ss19/blatt-4-kaiserin_king/services/show/main.go:43.117,44.29 1 1
github.com/ob-vss-ss19/blatt-4-kaiserin_king/services/show/main.go:51.2,52.12 2 1
github.com/ob-vss-ss19/blatt-4-kaiserin_king/services/show/main.go:44.29,45.21 1 1
github.com/ob-vss-ss19/blatt-4-kaiserin_king/services/show/main.go:45.21,49.4 3 1
github.com/ob-vss-ss19/blatt-4-kaiserin_king/services/show/main.go:55.133,58.29 2 1
github.com/ob-vss-ss19/blatt-4-kaiserin_king/services/show/main.go:64.2,65.12 2 1
github.com/ob-vss-ss19/blatt-4-kaiserin_king/services/show/main.go:58.29,59.29 1 1
github.com/ob-vss-ss19/blatt-4-kaiserin_king/services/show/main.go:59.29,62.4 2 1
github.com/ob-vss-ss19/blatt-4-kaiserin_king/services/show/main.go:68.136,71.29 2 1
github.com/ob-vss-ss19/blatt-4-kaiserin_king/services/show/main.go:77.2,78.12 2 1
github.com/ob-vss-ss19/blatt-4-kaiserin_king/services/show/main.go:71.29,72.31 1 1
github.com/ob-vss-ss19/blatt-4-kaiserin_king/services/show/main.go:72.31,75.4 2 1
github.com/ob-vss-ss19/blatt-4-kaiserin_king/services/show/main.go:81.113,82.29 1 1
github.com/ob-vss-ss19/blatt-4-kaiserin_king/services/show/main.go:88.2,89.12 2 1
github.com/ob-vss-ss19/blatt-4-kaiserin_king/services/show/main.go:82.29,83.25 1 1
github.com/ob-vss-ss19/blatt-4-kaiserin_king/services/show/main.go:83.25,86.4 2 1
github.com/ob-vss-ss19/blatt-4-kaiserin_king/services/show/main.go:92.120,93.29 1 1
github.com/ob-vss-ss19/blatt-4-kaiserin_king/services/show/main.go:100.2,101.12 2 1
github.com/ob-vss-ss19/blatt-4-kaiserin_king/services/show/main.go:93.29,94.25 1 1
github.com/ob-vss-ss19/blatt-4-kaiserin_king/services/show/main.go:94.25,98.4 3 1
github.com/ob-vss-ss19/blatt-4-kaiserin_king/services/show/main.go:104.120,107.2 2 1
github.com/ob-vss-ss19/blatt-4-kaiserin_king/services/show/main.go:109.53,115.16 4 1
github.com/ob-vss-ss19/blatt-4-kaiserin_king/services/show/main.go:119.2,119.18 1 1
github.com/ob-vss-ss19/blatt-4-kaiserin_king/services/show/main.go:115.16,117.3 1 0
github.com/ob-vss-ss19/blatt-4-kaiserin_king/services/show/main.go:122.51,128.16 4 1
github.com/ob-vss-ss19/blatt-4-kaiserin_king/services/show/main.go:132.2,132.18 1 1
github.com/ob-vss-ss19/blatt-4-kaiserin_king/services/show/main.go:128.16,130.3 1 0
github.com/ob-vss-ss19/blatt-4-kaiserin_king/services/show/main.go:135.102,136.29 1 1
github.com/ob-vss-ss19/blatt-4-kaiserin_king/services/show/main.go:142.2,143.12 2 1
github.com/ob-vss-ss19/blatt-4-kaiserin_king/services/show/main.go:136.29,137.21 1 1
github.com/ob-vss-ss19/blatt-4-kaiserin_king/services/show/main.go:137.21,140.4 2 1
github.com/ob-vss-ss19/blatt-4-kaiserin_king/services/show/main.go:146.54,153.16 5 1
github.com/ob-vss-ss19/blatt-4-kaiserin_king/services/show/main.go:153.16,155.3 1 0
github.com/ob-vss-ss19/blatt-4-kaiserin_king/services/show/main.go:158.13,167.14 5 0
github.com/ob-vss-ss19/blatt-4-kaiserin_king/services/show/main.go:167.14,169.3 1 0
github.com/ob-vss-ss19/blatt-4-kaiserin_king/services/show/main.go:172.37,179.2 6 0
