mode: set
github.com/ob-vss-ss19/blatt-4-kaiserin_king/services/show/main.go:20.117,28.16 6 1
github.com/ob-vss-ss19/blatt-4-kaiserin_king/services/show/main.go:32.2,36.12 3 1
github.com/ob-vss-ss19/blatt-4-kaiserin_king/services/show/main.go:28.16,30.3 1 0
github.com/ob-vss-ss19/blatt-4-kaiserin_king/services/show/main.go:39.117,40.29 1 1
github.com/ob-vss-ss19/blatt-4-kaiserin_king/services/show/main.go:47.2,48.12 2 1
github.com/ob-vss-ss19/blatt-4-kaiserin_king/services/show/main.go:40.29,41.21 1 1
github.com/ob-vss-ss19/blatt-4-kaiserin_king/services/show/main.go:41.21,45.4 3 1
github.com/ob-vss-ss19/blatt-4-kaiserin_king/services/show/main.go:51.133,54.29 2 0
github.com/ob-vss-ss19/blatt-4-kaiserin_king/services/show/main.go:60.2,61.12 2 0
github.com/ob-vss-ss19/blatt-4-kaiserin_king/services/show/main.go:54.29,55.29 1 0
github.com/ob-vss-ss19/blatt-4-kaiserin_king/services/show/main.go:55.29,58.4 2 0
github.com/ob-vss-ss19/blatt-4-kaiserin_king/services/show/main.go:64.136,67.29 2 0
github.com/ob-vss-ss19/blatt-4-kaiserin_king/services/show/main.go:73.2,74.12 2 0
github.com/ob-vss-ss19/blatt-4-kaiserin_king/services/show/main.go:67.29,68.31 1 0
github.com/ob-vss-ss19/blatt-4-kaiserin_king/services/show/main.go:68.31,71.4 2 0
github.com/ob-vss-ss19/blatt-4-kaiserin_king/services/show/main.go:77.113,78.29 1 0
github.com/ob-vss-ss19/blatt-4-kaiserin_king/services/show/main.go:84.2,85.12 2 0
github.com/ob-vss-ss19/blatt-4-kaiserin_king/services/show/main.go:78.29,79.25 1 0
github.com/ob-vss-ss19/blatt-4-kaiserin_king/services/show/main.go:79.25,82.4 2 0
github.com/ob-vss-ss19/blatt-4-kaiserin_king/services/show/main.go:88.120,89.29 1 0
github.com/ob-vss-ss19/blatt-4-kaiserin_king/services/show/main.go:96.2,97.12 2 0
github.com/ob-vss-ss19/blatt-4-kaiserin_king/services/show/main.go:89.29,90.25 1 0
github.com/ob-vss-ss19/blatt-4-kaiserin_king/services/show/main.go:90.25,94.4 3 0
github.com/ob-vss-ss19/blatt-4-kaiserin_king/services/show/main.go:100.120,103.2 2 1
github.com/ob-vss-ss19/blatt-4-kaiserin_king/services/show/main.go:105.54,112.16 5 1
github.com/ob-vss-ss19/blatt-4-kaiserin_king/services/show/main.go:112.16,114.3 1 0
github.com/ob-vss-ss19/blatt-4-kaiserin_king/services/show/main.go:117.13,126.14 5 0
github.com/ob-vss-ss19/blatt-4-kaiserin_king/services/show/main.go:126.14,128.3 1 0
github.com/ob-vss-ss19/blatt-4-kaiserin_king/services/show/main.go:131.37,138.2 6 0
