mode: set
github.com/ob-vss-ss19/blatt-4-kaiserin_king/services/booking/main.go:23.131,27.44 3 1
github.com/ob-vss-ss19/blatt-4-kaiserin_king/services/booking/main.go:37.2,38.12 2 1
github.com/ob-vss-ss19/blatt-4-kaiserin_king/services/booking/main.go:27.44,35.3 4 1
github.com/ob-vss-ss19/blatt-4-kaiserin_king/services/booking/main.go:41.131,44.31 1 1
github.com/ob-vss-ss19/blatt-4-kaiserin_king/services/booking/main.go:52.2,52.36 1 1
github.com/ob-vss-ss19/blatt-4-kaiserin_king/services/booking/main.go:60.2,61.12 2 1
github.com/ob-vss-ss19/blatt-4-kaiserin_king/services/booking/main.go:44.31,45.21 1 1
github.com/ob-vss-ss19/blatt-4-kaiserin_king/services/booking/main.go:45.21,50.4 3 1
github.com/ob-vss-ss19/blatt-4-kaiserin_king/services/booking/main.go:52.36,53.21 1 1
github.com/ob-vss-ss19/blatt-4-kaiserin_king/services/booking/main.go:53.21,58.4 3 1
github.com/ob-vss-ss19/blatt-4-kaiserin_king/services/booking/main.go:64.134,66.36 1 1
github.com/ob-vss-ss19/blatt-4-kaiserin_king/services/booking/main.go:86.2,87.12 2 1
github.com/ob-vss-ss19/blatt-4-kaiserin_king/services/booking/main.go:66.36,67.21 1 1
github.com/ob-vss-ss19/blatt-4-kaiserin_king/services/booking/main.go:67.21,69.42 2 1
github.com/ob-vss-ss19/blatt-4-kaiserin_king/services/booking/main.go:69.42,78.5 7 1
github.com/ob-vss-ss19/blatt-4-kaiserin_king/services/booking/main.go:78.10,83.5 4 1
github.com/ob-vss-ss19/blatt-4-kaiserin_king/services/booking/main.go:90.140,92.2 1 0
github.com/ob-vss-ss19/blatt-4-kaiserin_king/services/booking/main.go:94.134,98.31 2 0
github.com/ob-vss-ss19/blatt-4-kaiserin_king/services/booking/main.go:105.2,105.36 1 0
github.com/ob-vss-ss19/blatt-4-kaiserin_king/services/booking/main.go:112.2,113.12 2 0
github.com/ob-vss-ss19/blatt-4-kaiserin_king/services/booking/main.go:98.31,99.25 1 0
github.com/ob-vss-ss19/blatt-4-kaiserin_king/services/booking/main.go:99.25,103.4 2 0
github.com/ob-vss-ss19/blatt-4-kaiserin_king/services/booking/main.go:105.36,106.25 1 0
github.com/ob-vss-ss19/blatt-4-kaiserin_king/services/booking/main.go:106.25,110.4 2 0
github.com/ob-vss-ss19/blatt-4-kaiserin_king/services/booking/main.go:116.125,119.2 2 1
github.com/ob-vss-ss19/blatt-4-kaiserin_king/services/booking/main.go:121.120,124.2 2 1
github.com/ob-vss-ss19/blatt-4-kaiserin_king/services/booking/main.go:126.86,129.2 2 1
github.com/ob-vss-ss19/blatt-4-kaiserin_king/services/booking/main.go:131.81,134.2 2 1
github.com/ob-vss-ss19/blatt-4-kaiserin_king/services/booking/main.go:136.63,141.16 4 1
github.com/ob-vss-ss19/blatt-4-kaiserin_king/services/booking/main.go:141.16,143.3 1 0
github.com/ob-vss-ss19/blatt-4-kaiserin_king/services/booking/main.go:146.52,151.16 4 1
github.com/ob-vss-ss19/blatt-4-kaiserin_king/services/booking/main.go:154.2,154.26 1 1
github.com/ob-vss-ss19/blatt-4-kaiserin_king/services/booking/main.go:151.16,153.3 1 0
github.com/ob-vss-ss19/blatt-4-kaiserin_king/services/booking/main.go:157.61,162.16 4 1
github.com/ob-vss-ss19/blatt-4-kaiserin_king/services/booking/main.go:162.16,164.3 1 0
github.com/ob-vss-ss19/blatt-4-kaiserin_king/services/booking/main.go:167.84,174.15 5 1
github.com/ob-vss-ss19/blatt-4-kaiserin_king/services/booking/main.go:182.2,182.16 1 1
github.com/ob-vss-ss19/blatt-4-kaiserin_king/services/booking/main.go:174.15,177.3 1 1
github.com/ob-vss-ss19/blatt-4-kaiserin_king/services/booking/main.go:177.8,180.3 1 1
github.com/ob-vss-ss19/blatt-4-kaiserin_king/services/booking/main.go:182.16,184.3 1 0
github.com/ob-vss-ss19/blatt-4-kaiserin_king/services/booking/main.go:187.13,195.14 5 0
github.com/ob-vss-ss19/blatt-4-kaiserin_king/services/booking/main.go:195.14,197.3 1 0
github.com/ob-vss-ss19/blatt-4-kaiserin_king/services/booking/main.go:200.43,207.2 6 0
