mode: set
github.com/ob-vss-ss19/blatt-4-kaiserin_king/services/booking/main.go:23.131,27.58 3 1
github.com/ob-vss-ss19/blatt-4-kaiserin_king/services/booking/main.go:41.2,42.12 2 1
github.com/ob-vss-ss19/blatt-4-kaiserin_king/services/booking/main.go:27.58,28.45 1 1
github.com/ob-vss-ss19/blatt-4-kaiserin_king/services/booking/main.go:37.3,38.13 2 1
github.com/ob-vss-ss19/blatt-4-kaiserin_king/services/booking/main.go:28.45,36.4 4 1
github.com/ob-vss-ss19/blatt-4-kaiserin_king/services/booking/main.go:45.131,48.31 1 1
github.com/ob-vss-ss19/blatt-4-kaiserin_king/services/booking/main.go:56.2,56.36 1 1
github.com/ob-vss-ss19/blatt-4-kaiserin_king/services/booking/main.go:64.2,65.12 2 1
github.com/ob-vss-ss19/blatt-4-kaiserin_king/services/booking/main.go:48.31,49.21 1 1
github.com/ob-vss-ss19/blatt-4-kaiserin_king/services/booking/main.go:49.21,54.4 3 1
github.com/ob-vss-ss19/blatt-4-kaiserin_king/services/booking/main.go:56.36,57.21 1 1
github.com/ob-vss-ss19/blatt-4-kaiserin_king/services/booking/main.go:57.21,62.4 3 1
github.com/ob-vss-ss19/blatt-4-kaiserin_king/services/booking/main.go:68.134,70.36 1 1
github.com/ob-vss-ss19/blatt-4-kaiserin_king/services/booking/main.go:90.2,91.12 2 1
github.com/ob-vss-ss19/blatt-4-kaiserin_king/services/booking/main.go:70.36,71.21 1 1
github.com/ob-vss-ss19/blatt-4-kaiserin_king/services/booking/main.go:71.21,73.42 2 1
github.com/ob-vss-ss19/blatt-4-kaiserin_king/services/booking/main.go:73.42,82.5 7 1
github.com/ob-vss-ss19/blatt-4-kaiserin_king/services/booking/main.go:82.10,87.5 4 1
github.com/ob-vss-ss19/blatt-4-kaiserin_king/services/booking/main.go:94.134,98.31 2 1
github.com/ob-vss-ss19/blatt-4-kaiserin_king/services/booking/main.go:105.2,105.36 1 1
github.com/ob-vss-ss19/blatt-4-kaiserin_king/services/booking/main.go:112.2,113.12 2 1
github.com/ob-vss-ss19/blatt-4-kaiserin_king/services/booking/main.go:98.31,99.25 1 1
github.com/ob-vss-ss19/blatt-4-kaiserin_king/services/booking/main.go:99.25,103.4 2 1
github.com/ob-vss-ss19/blatt-4-kaiserin_king/services/booking/main.go:105.36,106.25 1 1
github.com/ob-vss-ss19/blatt-4-kaiserin_king/services/booking/main.go:106.25,110.4 2 1
github.com/ob-vss-ss19/blatt-4-kaiserin_king/services/booking/main.go:116.125,119.2 2 1
github.com/ob-vss-ss19/blatt-4-kaiserin_king/services/booking/main.go:121.120,124.2 2 1
github.com/ob-vss-ss19/blatt-4-kaiserin_king/services/booking/main.go:126.86,129.2 2 1
github.com/ob-vss-ss19/blatt-4-kaiserin_king/services/booking/main.go:131.81,134.2 2 1
github.com/ob-vss-ss19/blatt-4-kaiserin_king/services/booking/main.go:136.63,141.16 4 1
github.com/ob-vss-ss19/blatt-4-kaiserin_king/services/booking/main.go:141.16,143.3 1 0
github.com/ob-vss-ss19/blatt-4-kaiserin_king/services/booking/main.go:146.52,151.16 4 1
github.com/ob-vss-ss19/blatt-4-kaiserin_king/services/booking/main.go:154.2,154.26 1 1
github.com/ob-vss-ss19/blatt-4-kaiserin_king/services/booking/main.go:151.16,153.3 1 0
github.com/ob-vss-ss19/blatt-4-kaiserin_king/services/booking/main.go:157.61,162.16 4 1
github.com/ob-vss-ss19/blatt-4-kaiserin_king/services/booking/main.go:162.16,164.3 1 0
github.com/ob-vss-ss19/blatt-4-kaiserin_king/services/booking/main.go:167.84,174.15 5 1
github.com/ob-vss-ss19/blatt-4-kaiserin_king/services/booking/main.go:182.2,182.16 1 1
github.com/ob-vss-ss19/blatt-4-kaiserin_king/services/booking/main.go:174.15,177.3 1 1
github.com/ob-vss-ss19/blatt-4-kaiserin_king/services/booking/main.go:177.8,180.3 1 1
github.com/ob-vss-ss19/blatt-4-kaiserin_king/services/booking/main.go:182.16,184.3 1 0
github.com/ob-vss-ss19/blatt-4-kaiserin_king/services/booking/main.go:187.50,193.16 4 1
github.com/ob-vss-ss19/blatt-4-kaiserin_king/services/booking/main.go:197.2,197.18 1 1
github.com/ob-vss-ss19/blatt-4-kaiserin_king/services/booking/main.go:193.16,195.3 1 0
github.com/ob-vss-ss19/blatt-4-kaiserin_king/services/booking/main.go:200.50,206.16 4 1
github.com/ob-vss-ss19/blatt-4-kaiserin_king/services/booking/main.go:210.2,210.18 1 1
github.com/ob-vss-ss19/blatt-4-kaiserin_king/services/booking/main.go:206.16,208.3 1 0
github.com/ob-vss-ss19/blatt-4-kaiserin_king/services/booking/main.go:213.107,214.31 1 1
github.com/ob-vss-ss19/blatt-4-kaiserin_king/services/booking/main.go:220.2,220.37 1 1
github.com/ob-vss-ss19/blatt-4-kaiserin_king/services/booking/main.go:226.2,227.12 2 1
github.com/ob-vss-ss19/blatt-4-kaiserin_king/services/booking/main.go:214.31,215.21 1 1
github.com/ob-vss-ss19/blatt-4-kaiserin_king/services/booking/main.go:215.21,218.4 2 1
github.com/ob-vss-ss19/blatt-4-kaiserin_king/services/booking/main.go:220.37,221.22 1 1
github.com/ob-vss-ss19/blatt-4-kaiserin_king/services/booking/main.go:221.22,224.4 2 1
github.com/ob-vss-ss19/blatt-4-kaiserin_king/services/booking/main.go:230.13,239.14 5 0
github.com/ob-vss-ss19/blatt-4-kaiserin_king/services/booking/main.go:239.14,241.3 1 0
github.com/ob-vss-ss19/blatt-4-kaiserin_king/services/booking/main.go:244.43,251.2 6 0
