mode: set
github.com/ob-vss-ss19/blatt-4-kaiserin_king/services/user/srv/user.go:21.116,30.2 7 1
github.com/ob-vss-ss19/blatt-4-kaiserin_king/services/user/srv/user.go:34.116,36.35 1 1
github.com/ob-vss-ss19/blatt-4-kaiserin_king/services/user/srv/user.go:48.2,49.12 2 1
github.com/ob-vss-ss19/blatt-4-kaiserin_king/services/user/srv/user.go:36.35,38.29 1 1
github.com/ob-vss-ss19/blatt-4-kaiserin_king/services/user/srv/user.go:38.29,39.22 1 1
github.com/ob-vss-ss19/blatt-4-kaiserin_king/services/user/srv/user.go:39.22,45.5 5 1
github.com/ob-vss-ss19/blatt-4-kaiserin_king/services/user/srv/user.go:55.40,57.50 2 1
github.com/ob-vss-ss19/blatt-4-kaiserin_king/services/user/srv/user.go:60.2,61.12 2 1
github.com/ob-vss-ss19/blatt-4-kaiserin_king/services/user/srv/user.go:57.50,59.3 1 1
github.com/ob-vss-ss19/blatt-4-kaiserin_king/services/user/srv/user.go:66.40,67.28 1 1
github.com/ob-vss-ss19/blatt-4-kaiserin_king/services/user/srv/user.go:72.2,72.12 1 1
github.com/ob-vss-ss19/blatt-4-kaiserin_king/services/user/srv/user.go:67.28,68.25 1 1
github.com/ob-vss-ss19/blatt-4-kaiserin_king/services/user/srv/user.go:68.25,70.4 1 1
github.com/ob-vss-ss19/blatt-4-kaiserin_king/services/user/srv/user.go:77.40,78.28 1 1
github.com/ob-vss-ss19/blatt-4-kaiserin_king/services/user/srv/user.go:85.2,85.12 1 1
github.com/ob-vss-ss19/blatt-4-kaiserin_king/services/user/srv/user.go:78.28,79.25 1 1
github.com/ob-vss-ss19/blatt-4-kaiserin_king/services/user/srv/user.go:79.25,83.4 3 1
github.com/ob-vss-ss19/blatt-4-kaiserin_king/services/user/srv/user.go:89.119,92.2 2 1
github.com/ob-vss-ss19/blatt-4-kaiserin_king/services/user/srv/user.go:95.101,96.28 1 1
github.com/ob-vss-ss19/blatt-4-kaiserin_king/services/user/srv/user.go:102.2,103.12 2 1
github.com/ob-vss-ss19/blatt-4-kaiserin_king/services/user/srv/user.go:96.28,97.21 1 1
github.com/ob-vss-ss19/blatt-4-kaiserin_king/services/user/srv/user.go:97.21,100.4 2 1
github.com/ob-vss-ss19/blatt-4-kaiserin_king/services/user/srv/user.go:107.76,108.28 1 1
github.com/ob-vss-ss19/blatt-4-kaiserin_king/services/user/srv/user.go:118.2,118.14 1 0
github.com/ob-vss-ss19/blatt-4-kaiserin_king/services/user/srv/user.go:108.28,109.21 1 1
github.com/ob-vss-ss19/blatt-4-kaiserin_king/services/user/srv/user.go:109.21,110.37 1 1
github.com/ob-vss-ss19/blatt-4-kaiserin_king/services/user/srv/user.go:110.37,111.23 1 1
github.com/ob-vss-ss19/blatt-4-kaiserin_king/services/user/srv/user.go:111.23,114.6 2 1
github.com/ob-vss-ss19/blatt-4-kaiserin_king/services/user/srv/user.go:122.71,123.28 1 1
github.com/ob-vss-ss19/blatt-4-kaiserin_king/services/user/srv/user.go:133.2,133.14 1 1
github.com/ob-vss-ss19/blatt-4-kaiserin_king/services/user/srv/user.go:123.28,124.21 1 1
github.com/ob-vss-ss19/blatt-4-kaiserin_king/services/user/srv/user.go:124.21,125.33 1 1
github.com/ob-vss-ss19/blatt-4-kaiserin_king/services/user/srv/user.go:125.33,126.23 1 1
github.com/ob-vss-ss19/blatt-4-kaiserin_king/services/user/srv/user.go:126.23,129.6 2 1
github.com/ob-vss-ss19/blatt-4-kaiserin_king/services/user/srv/user.go:137.59,139.28 1 1
github.com/ob-vss-ss19/blatt-4-kaiserin_king/services/user/srv/user.go:151.2,151.13 1 1
github.com/ob-vss-ss19/blatt-4-kaiserin_king/services/user/srv/user.go:139.28,140.21 1 1
github.com/ob-vss-ss19/blatt-4-kaiserin_king/services/user/srv/user.go:145.3,145.21 1 1
github.com/ob-vss-ss19/blatt-4-kaiserin_king/services/user/srv/user.go:140.21,141.28 1 1
github.com/ob-vss-ss19/blatt-4-kaiserin_king/services/user/srv/user.go:141.28,143.5 1 1
github.com/ob-vss-ss19/blatt-4-kaiserin_king/services/user/srv/user.go:145.21,146.32 1 1
github.com/ob-vss-ss19/blatt-4-kaiserin_king/services/user/srv/user.go:146.32,148.5 1 1
github.com/ob-vss-ss19/blatt-4-kaiserin_king/services/user/srv/user.go:154.19,163.16 4 0
github.com/ob-vss-ss19/blatt-4-kaiserin_king/services/user/srv/user.go:166.2,167.14 2 0
github.com/ob-vss-ss19/blatt-4-kaiserin_king/services/user/srv/user.go:163.16,165.3 1 0
github.com/ob-vss-ss19/blatt-4-kaiserin_king/services/user/srv/user.go:167.14,169.3 1 0
github.com/ob-vss-ss19/blatt-4-kaiserin_king/services/user/srv/user.go:173.37,188.2 6 1
