mode: set
github.com/ob-vss-ss19/blatt-4-kaiserin_king/services/show/srv/show.go:25.117,26.62 1 1
github.com/ob-vss-ss19/blatt-4-kaiserin_king/services/show/srv/show.go:44.2,45.12 2 1
github.com/ob-vss-ss19/blatt-4-kaiserin_king/services/show/srv/show.go:26.62,35.17 8 1
github.com/ob-vss-ss19/blatt-4-kaiserin_king/services/show/srv/show.go:39.3,42.13 3 1
github.com/ob-vss-ss19/blatt-4-kaiserin_king/services/show/srv/show.go:35.17,37.4 1 0
github.com/ob-vss-ss19/blatt-4-kaiserin_king/services/show/srv/show.go:50.117,51.29 1 1
github.com/ob-vss-ss19/blatt-4-kaiserin_king/services/show/srv/show.go:60.2,61.12 2 1
github.com/ob-vss-ss19/blatt-4-kaiserin_king/services/show/srv/show.go:51.29,52.21 1 1
github.com/ob-vss-ss19/blatt-4-kaiserin_king/services/show/srv/show.go:52.21,58.4 5 1
github.com/ob-vss-ss19/blatt-4-kaiserin_king/services/show/srv/show.go:67.42,71.29 3 1
github.com/ob-vss-ss19/blatt-4-kaiserin_king/services/show/srv/show.go:80.2,81.12 2 1
github.com/ob-vss-ss19/blatt-4-kaiserin_king/services/show/srv/show.go:71.29,72.29 1 1
github.com/ob-vss-ss19/blatt-4-kaiserin_king/services/show/srv/show.go:72.29,78.4 5 1
github.com/ob-vss-ss19/blatt-4-kaiserin_king/services/show/srv/show.go:87.43,91.29 3 1
github.com/ob-vss-ss19/blatt-4-kaiserin_king/services/show/srv/show.go:100.2,101.12 2 1
github.com/ob-vss-ss19/blatt-4-kaiserin_king/services/show/srv/show.go:91.29,92.31 1 1
github.com/ob-vss-ss19/blatt-4-kaiserin_king/services/show/srv/show.go:92.31,98.4 5 1
github.com/ob-vss-ss19/blatt-4-kaiserin_king/services/show/srv/show.go:105.113,106.29 1 1
github.com/ob-vss-ss19/blatt-4-kaiserin_king/services/show/srv/show.go:112.2,113.12 2 1
github.com/ob-vss-ss19/blatt-4-kaiserin_king/services/show/srv/show.go:106.29,107.25 1 1
github.com/ob-vss-ss19/blatt-4-kaiserin_king/services/show/srv/show.go:107.25,110.4 2 1
github.com/ob-vss-ss19/blatt-4-kaiserin_king/services/show/srv/show.go:117.120,118.29 1 1
github.com/ob-vss-ss19/blatt-4-kaiserin_king/services/show/srv/show.go:127.2,128.12 2 1
github.com/ob-vss-ss19/blatt-4-kaiserin_king/services/show/srv/show.go:118.29,119.25 1 1
github.com/ob-vss-ss19/blatt-4-kaiserin_king/services/show/srv/show.go:119.25,125.4 5 1
github.com/ob-vss-ss19/blatt-4-kaiserin_king/services/show/srv/show.go:132.120,135.2 2 1
github.com/ob-vss-ss19/blatt-4-kaiserin_king/services/show/srv/show.go:138.53,144.16 4 1
github.com/ob-vss-ss19/blatt-4-kaiserin_king/services/show/srv/show.go:148.2,148.18 1 1
github.com/ob-vss-ss19/blatt-4-kaiserin_king/services/show/srv/show.go:144.16,146.3 1 0
github.com/ob-vss-ss19/blatt-4-kaiserin_king/services/show/srv/show.go:152.51,158.16 4 1
github.com/ob-vss-ss19/blatt-4-kaiserin_king/services/show/srv/show.go:162.2,162.18 1 1
github.com/ob-vss-ss19/blatt-4-kaiserin_king/services/show/srv/show.go:158.16,160.3 1 0
github.com/ob-vss-ss19/blatt-4-kaiserin_king/services/show/srv/show.go:166.102,167.29 1 1
github.com/ob-vss-ss19/blatt-4-kaiserin_king/services/show/srv/show.go:173.2,174.12 2 1
github.com/ob-vss-ss19/blatt-4-kaiserin_king/services/show/srv/show.go:167.29,168.21 1 1
github.com/ob-vss-ss19/blatt-4-kaiserin_king/services/show/srv/show.go:168.21,171.4 2 1
github.com/ob-vss-ss19/blatt-4-kaiserin_king/services/show/srv/show.go:178.54,185.16 5 1
github.com/ob-vss-ss19/blatt-4-kaiserin_king/services/show/srv/show.go:185.16,187.3 1 0
github.com/ob-vss-ss19/blatt-4-kaiserin_king/services/show/srv/show.go:190.19,198.16 4 0
github.com/ob-vss-ss19/blatt-4-kaiserin_king/services/show/srv/show.go:201.2,202.14 2 0
github.com/ob-vss-ss19/blatt-4-kaiserin_king/services/show/srv/show.go:198.16,200.3 1 0
github.com/ob-vss-ss19/blatt-4-kaiserin_king/services/show/srv/show.go:202.14,204.3 1 0
github.com/ob-vss-ss19/blatt-4-kaiserin_king/services/show/srv/show.go:208.37,215.2 6 0
