mode: set
github.com/ob-vss-ss19/blatt-4-kaiserin_king/services/cinema/main.go:20.120,27.2 5 1
github.com/ob-vss-ss19/blatt-4-kaiserin_king/services/cinema/main.go:29.120,31.29 1 1
github.com/ob-vss-ss19/blatt-4-kaiserin_king/services/cinema/main.go:48.2,49.12 2 1
github.com/ob-vss-ss19/blatt-4-kaiserin_king/services/cinema/main.go:31.29,32.21 1 1
github.com/ob-vss-ss19/blatt-4-kaiserin_king/services/cinema/main.go:32.21,39.18 4 1
github.com/ob-vss-ss19/blatt-4-kaiserin_king/services/cinema/main.go:43.4,45.14 3 1
github.com/ob-vss-ss19/blatt-4-kaiserin_king/services/cinema/main.go:39.18,41.5 1 0
github.com/ob-vss-ss19/blatt-4-kaiserin_king/services/cinema/main.go:52.116,53.29 1 0
github.com/ob-vss-ss19/blatt-4-kaiserin_king/services/cinema/main.go:59.2,60.12 2 0
github.com/ob-vss-ss19/blatt-4-kaiserin_king/services/cinema/main.go:53.29,54.25 1 0
github.com/ob-vss-ss19/blatt-4-kaiserin_king/services/cinema/main.go:54.25,57.4 2 0
github.com/ob-vss-ss19/blatt-4-kaiserin_king/services/cinema/main.go:63.123,66.2 2 1
github.com/ob-vss-ss19/blatt-4-kaiserin_king/services/cinema/main.go:68.13,77.14 5 0
github.com/ob-vss-ss19/blatt-4-kaiserin_king/services/cinema/main.go:77.14,79.3 1 0
github.com/ob-vss-ss19/blatt-4-kaiserin_king/services/cinema/main.go:82.41,87.2 4 0
