mode: set
github.com/ob-vss-ss19/blatt-4-kaiserin_king/services/movie/main.go:19.121,26.2 5 1
github.com/ob-vss-ss19/blatt-4-kaiserin_king/services/movie/main.go:28.121,34.16 4 1
github.com/ob-vss-ss19/blatt-4-kaiserin_king/services/movie/main.go:38.2,38.29 1 1
github.com/ob-vss-ss19/blatt-4-kaiserin_king/services/movie/main.go:45.2,46.12 2 1
github.com/ob-vss-ss19/blatt-4-kaiserin_king/services/movie/main.go:34.16,36.3 1 0
github.com/ob-vss-ss19/blatt-4-kaiserin_king/services/movie/main.go:38.29,39.21 1 1
github.com/ob-vss-ss19/blatt-4-kaiserin_king/services/movie/main.go:39.21,43.4 3 1
github.com/ob-vss-ss19/blatt-4-kaiserin_king/services/movie/main.go:49.124,52.2 2 1
github.com/ob-vss-ss19/blatt-4-kaiserin_king/services/movie/main.go:54.103,55.29 1 1
github.com/ob-vss-ss19/blatt-4-kaiserin_king/services/movie/main.go:61.2,62.12 2 1
github.com/ob-vss-ss19/blatt-4-kaiserin_king/services/movie/main.go:55.29,56.21 1 1
github.com/ob-vss-ss19/blatt-4-kaiserin_king/services/movie/main.go:56.21,59.4 2 1
github.com/ob-vss-ss19/blatt-4-kaiserin_king/services/movie/main.go:65.13,74.14 5 0
github.com/ob-vss-ss19/blatt-4-kaiserin_king/services/movie/main.go:74.14,76.3 1 0
github.com/ob-vss-ss19/blatt-4-kaiserin_king/services/movie/main.go:79.39,86.2 6 0
