mode: set
github.com/ob-vss-ss19/blatt-4-kaiserin_king/services/movie/main.go:19.121,26.2 5 1
github.com/ob-vss-ss19/blatt-4-kaiserin_king/services/movie/main.go:28.121,34.16 4 1
github.com/ob-vss-ss19/blatt-4-kaiserin_king/services/movie/main.go:38.2,38.29 1 1
github.com/ob-vss-ss19/blatt-4-kaiserin_king/services/movie/main.go:45.2,46.12 2 1
github.com/ob-vss-ss19/blatt-4-kaiserin_king/services/movie/main.go:34.16,36.3 1 0
github.com/ob-vss-ss19/blatt-4-kaiserin_king/services/movie/main.go:38.29,39.21 1 1
github.com/ob-vss-ss19/blatt-4-kaiserin_king/services/movie/main.go:39.21,43.4 3 1
github.com/ob-vss-ss19/blatt-4-kaiserin_king/services/movie/main.go:49.124,52.2 2 1
github.com/ob-vss-ss19/blatt-4-kaiserin_king/services/movie/main.go:54.13,63.14 5 0
github.com/ob-vss-ss19/blatt-4-kaiserin_king/services/movie/main.go:63.14,65.3 1 0
github.com/ob-vss-ss19/blatt-4-kaiserin_king/services/movie/main.go:68.39,75.2 6 0
